<?xml version="1.0" encoding="UTF-8"?>
<testng-results ignored="0" total="2" passed="2" failed="0" skipped="0">
  <reporter-output>
  </reporter-output>
  <suite started-at="2021-11-06T14:42:49 IST" name="Default suite" finished-at="2021-11-06T14:43:08 IST" duration-ms="18775">
    <groups>
    </groups>
    <test started-at="2021-11-06T14:42:49 IST" name="Default test" finished-at="2021-11-06T14:43:08 IST" duration-ms="18775">
      <class name="com.TestLayer.HomePageTest">
        <test-method is-config="true" signature="setUp()[pri:0, instance:com.TestLayer.HomePageTest@1a04f701]" started-at="2021-11-06T14:42:49 IST" name="setUp" finished-at="2021-11-06T14:42:56 IST" duration-ms="6774" status="PASS">
          <reporter-output>
          </reporter-output>
        </test-method> <!-- setUp -->
        <test-method signature="validateLoginFunctionality()[pri:5, instance:com.TestLayer.HomePageTest@1a04f701]" started-at="2021-11-06T14:42:56 IST" name="validateLoginFunctionality" finished-at="2021-11-06T14:43:02 IST" duration-ms="5669" status="PASS">
          <reporter-output>
          </reporter-output>
        </test-method> <!-- validateLoginFunctionality -->
        <test-method signature="validateHomePageFunctionality()[pri:6, instance:com.TestLayer.HomePageTest@1a04f701]" started-at="2021-11-06T14:43:02 IST" name="validateHomePageFunctionality" finished-at="2021-11-06T14:43:08 IST" duration-ms="6270" status="PASS">
          <reporter-output>
          </reporter-output>
        </test-method> <!-- validateHomePageFunctionality -->
      </class> <!-- com.TestLayer.HomePageTest -->
    </test> <!-- Default test -->
  </suite> <!-- Default suite -->
</testng-results>
