<?xml version="1.0" encoding="UTF-8"?>
<!-- Generated by org.testng.reporters.JUnitXMLReporter -->
<testsuite ignored="0" hostname="DESKTOP-A7RCVA4" failures="0" tests="6" name="Test" time="47.682" errors="0" timestamp="2021-10-22T23:21:32 IST">
  <testcase classname="com.TestLayer.EmpPageTest" name="@AfterClass tearDown" time="0.0">
    <failure type="java.lang.NullPointerException" message="Cannot invoke &amp;quot;org.openqa.selenium.WebDriver.close()&amp;quot; because &amp;quot;this.driver&amp;quot; is null">
      <![CDATA[java.lang.NullPointerException: Cannot invoke "org.openqa.selenium.WebDriver.close()" because "this.driver" is null
at com.TestLayer.EmpPageTest.tearDown(EmpPageTest.java:31)
at java.base/java.util.ArrayList.forEach(ArrayList.java:1511)
... Removed 25 stack frames]]>
    </failure>
  </testcase> <!-- @AfterClass tearDown -->
  <testcase classname="com.TestLayer.LoginPageTest" name="validateLoginFunctionality" time="4.759"/>
  <testcase classname="com.TestLayer.HomePageTest" name="validateHomePageFunctionality" time="2.583"/>
  <testcase classname="com.TestLayer.EmpPageTest" name="validateEmpPage" time="1.347"/>
  <testcase classname="com.TestLayer.LoginPageTest" name="validateLoginFunctionality" time="5.001"/>
  <testcase classname="com.TestLayer.HomePageTest" name="validateHomePageFunctionality" time="2.673"/>
  <testcase classname="com.TestLayer.LoginPageTest" name="validateLoginFunctionality" time="5.182"/>
</testsuite> <!-- Test -->
